<?xml version="1.0" encoding="UTF-8"?>
<!-- Generated by org.testng.reporters.JUnitXMLReporter -->
<testsuite ignored="0" hostname="home-PC" failures="0" tests="4" name="Default test" time="12.16" errors="0" timestamp="2024-03-26T10:05:43 IST">
  <testcase classname="org.rest.ass.Beginning" name="createUser" time="10.276"/>
  <testcase classname="org.rest.ass.Beginning" name="updateUser" time="0.84"/>
  <testcase classname="org.rest.ass.Beginning" name="deleteUser" time="0.492"/>
  <testcase classname="org.rest.ass.Beginning" name="getUsers" time="0.378"/>
</testsuite> <!-- Default test -->
