<?xml version="1.0" encoding="UTF-8"?>
<!-- Generated by org.testng.reporters.JUnitXMLReporter -->
<testsuite ignored="0" hostname="home-PC" failures="0" tests="4" name="Test" time="14.829" errors="0" timestamp="2024-03-26T10:08:42 IST">
  <testcase classname="org.rest.ass.Beginning" name="createUser" time="13.046"/>
  <testcase classname="org.rest.ass.Beginning" name="updateUser" time="0.728"/>
  <testcase classname="org.rest.ass.Beginning" name="deleteUser" time="0.441"/>
  <testcase classname="org.rest.ass.Beginning" name="getUsers" time="0.388"/>
</testsuite> <!-- Test -->
