<?xml version="1.0" encoding="UTF-8"?>
<!-- Generated by org.testng.reporters.JUnitXMLReporter -->
<testsuite ignored="0" hostname="home-PC" failures="0" tests="4" name="Test" time="14.138" errors="0" timestamp="2024-03-25T22:10:06 IST">
  <testcase classname="org.rest.ass.Beginning" name="createUser" time="12.146"/>
  <testcase classname="org.rest.ass.Beginning" name="updateUser" time="0.921"/>
  <testcase classname="org.rest.ass.Beginning" name="deleteUser" time="0.485"/>
  <testcase classname="org.rest.ass.Beginning" name="getUsers" time="0.451"/>
</testsuite> <!-- Test -->
