<?xml version="1.0" encoding="UTF-8"?>
<testng-results ignored="0" total="4" passed="4" failed="0" skipped="0">
  <reporter-output>
  </reporter-output>
  <suite started-at="2024-03-25T22:09:52 IST" name="Suite" finished-at="2024-03-25T22:10:06 IST" duration-ms="14138">
    <groups>
    </groups>
    <test started-at="2024-03-25T22:09:52 IST" name="Test" finished-at="2024-03-25T22:10:06 IST" duration-ms="14138">
      <class name="org.rest.ass.Beginning">
        <test-method signature="createUser()[pri:1, instance:org.rest.ass.Beginning@5a63f509]" started-at="2024-03-25T22:09:52 IST" name="createUser" finished-at="2024-03-25T22:10:04 IST" duration-ms="12146" status="PASS">
          <reporter-output>
          </reporter-output>
        </test-method> <!-- createUser -->
        <test-method signature="updateUser()[pri:2, instance:org.rest.ass.Beginning@5a63f509]" started-at="2024-03-25T22:10:04 IST" name="updateUser" finished-at="2024-03-25T22:10:05 IST" depends-on-methods="org.rest.ass.Beginning.createUser" duration-ms="921" status="PASS">
          <reporter-output>
          </reporter-output>
        </test-method> <!-- updateUser -->
        <test-method signature="deleteUser()[pri:3, instance:org.rest.ass.Beginning@5a63f509]" started-at="2024-03-25T22:10:05 IST" name="deleteUser" finished-at="2024-03-25T22:10:06 IST" depends-on-methods="org.rest.ass.Beginning.updateUser" duration-ms="485" status="PASS">
          <reporter-output>
          </reporter-output>
        </test-method> <!-- deleteUser -->
        <test-method signature="getUsers()[pri:4, instance:org.rest.ass.Beginning@5a63f509]" started-at="2024-03-25T22:10:06 IST" name="getUsers" finished-at="2024-03-25T22:10:06 IST" duration-ms="451" status="PASS">
          <reporter-output>
          </reporter-output>
        </test-method> <!-- getUsers -->
      </class> <!-- org.rest.ass.Beginning -->
    </test> <!-- Test -->
  </suite> <!-- Suite -->
</testng-results>
