<?xml version="1.0" encoding="UTF-8"?>
<testsuite xmlns:xsi="http://www.w3.org/2001/XMLSchema-instance" xsi:noNamespaceSchemaLocation="https://maven.apache.org/surefire/maven-surefire-plugin/xsd/surefire-test-report-3.0.xsd" version="3.0" name="TestSuite" time="16.188" tests="4" errors="0" skipped="0" failures="0">
  <properties>
[...]
</properties>
  <testcase name="createUser" classname="org.rest.ass.Beginning" time="12.145">
    <system-err><![CDATA[SLF4J: Failed to load class "org.slf4j.impl.StaticLoggerBinder".
SLF4J: Defaulting to no-operation (NOP) logger implementation
SLF4J: See http://www.slf4j.org/codes.html#StaticLoggerBinder for further details.
]]></system-err>
  </testcase>
  <testcase name="updateUser" classname="org.rest.ass.Beginning" time="1.046">
    <system-out><![CDATA[HTTP/1.1 201 Created
Date: Mon, 25 Mar 2024 16:40:05 GMT
Content-Type: application/json; charset=utf-8
Content-Length: 125
Connection: keep-alive
CF-Ray: 86a057371d377fe3-MAA
CF-Cache-Status: DYNAMIC
Content-Encoding: gzip
ETag: W/"76-sjtdCot5G+G2q02pgkD34gM5u6Q"
Vary: Accept-Encoding
rndr-id: 689271ba-1ace-4545
x-powered-by: Express
x-render-origin-server: Render
Server: cloudflare
alt-svc: h3=":443"; ma=86400

{
    "_id": "6601a8e1aad043375fcf3000",
    "name": "sukumark",
    "email": "sukumark123@gmail.com",
    "address": "Mumbai-567890",
    "__v": 0
}
]]></system-out>
  </testcase>
  <testcase name="deleteUser" classname="org.rest.ass.Beginning" time="0.61">
    <system-out><![CDATA[HTTP/1.1 201 Created
Date: Mon, 25 Mar 2024 16:40:06 GMT
Content-Type: application/json; charset=utf-8
Content-Length: 64
Connection: keep-alive
CF-Ray: 86a0573c2ba17f48-MAA
CF-Cache-Status: DYNAMIC
Content-Encoding: gzip
ETag: W/"28-PAt+Q5vdvHp3GlbJ343gozITdV8"
Vary: Accept-Encoding
rndr-id: 212fd1c7-a077-42a3
x-powered-by: Express
x-render-origin-server: Render
Server: cloudflare
alt-svc: h3=":443"; ma=86400

{
    "message": "User Deleted Successfully."
}
]]></system-out>
  </testcase>
  <testcase name="getUsers" classname="org.rest.ass.Beginning" time="0.516">
    <system-out><![CDATA[HTTP/1.1 200 OK
Date: Mon, 25 Mar 2024 16:40:06 GMT
Content-Type: application/json; charset=utf-8
Content-Length: 306
Connection: keep-alive
CF-Ray: 86a0573f2897a8fc-MAA
CF-Cache-Status: DYNAMIC
Content-Encoding: gzip
ETag: W/"2b7-0hxVEfWOJV21JZTTjc+o773teO0"
Vary: Accept-Encoding
rndr-id: b792ba34-90d5-4826
x-powered-by: Express
x-render-origin-server: Render
Server: cloudflare
alt-svc: h3=":443"; ma=86400

[
    {
        "_id": "65f42ef7dcec033f64785200",
        "name": "Murugesan K",
        "email": "murugesank@gmail.com",
        "address": "Karaikudi",
        "__v": 0
    },
    {
        "_id": "65f46398b56b92cb66e230ef",
        "name": "John Peter",
        "email": "johnpeter@gmail.com",
        "address": "Tiruppur",
        "__v": 0
    },
    {
        "_id": "65f463c9b56b92cb66e230f4",
        "name": "Venkatesh Prasath",
        "email": "venkateshprasath@gmail.com",
        "address": "Tiruchirapalli",
        "__v": 0
    },
    {
        "_id": "65f4718e08845cbd2f50666a",
        "name": "Saravana Kumar",
        "email": "saravanakumar@gmail.com",
        "address": "Erode",
        "__v": 0
    },
    {
        "_id": "65f8628065edf97b49580bd4",
        "name": "pavan",
        "email": "pavan@gmail.com",
        "address": "Mumbai",
        "__v": 0
    },
    {
        "_id": "65f8680565edf97b49580be1",
        "name": "Sukumar",
        "email": "sukumar@gmail.com",
        "address": "Mumbai",
        "__v": 0
    }
]
]]></system-out>
  </testcase>
</testsuite>