<?xml version="1.0" encoding="UTF-8"?>
<testng-results ignored="0" total="4" passed="4" failed="0" skipped="0">
  <reporter-output>
  </reporter-output>
  <suite started-at="2024-03-26T10:05:31 IST" name="Default suite" finished-at="2024-03-26T10:05:43 IST" duration-ms="12160">
    <groups>
    </groups>
    <test started-at="2024-03-26T10:05:31 IST" name="Default test" finished-at="2024-03-26T10:05:43 IST" duration-ms="12160">
      <class name="org.rest.ass.Beginning">
        <test-method signature="createUser()[pri:1, instance:org.rest.ass.Beginning@16a0ee18]" started-at="2024-03-26T10:05:31 IST" name="createUser" finished-at="2024-03-26T10:05:42 IST" duration-ms="10276" status="PASS">
          <reporter-output>
          </reporter-output>
        </test-method> <!-- createUser -->
        <test-method signature="updateUser()[pri:2, instance:org.rest.ass.Beginning@16a0ee18]" started-at="2024-03-26T10:05:42 IST" name="updateUser" finished-at="2024-03-26T10:05:42 IST" depends-on-methods="org.rest.ass.Beginning.createUser" duration-ms="840" status="PASS">
          <reporter-output>
          </reporter-output>
        </test-method> <!-- updateUser -->
        <test-method signature="deleteUser()[pri:3, instance:org.rest.ass.Beginning@16a0ee18]" started-at="2024-03-26T10:05:42 IST" name="deleteUser" finished-at="2024-03-26T10:05:43 IST" depends-on-methods="org.rest.ass.Beginning.updateUser" duration-ms="492" status="PASS">
          <reporter-output>
          </reporter-output>
        </test-method> <!-- deleteUser -->
        <test-method signature="getUsers()[pri:4, instance:org.rest.ass.Beginning@16a0ee18]" started-at="2024-03-26T10:05:43 IST" name="getUsers" finished-at="2024-03-26T10:05:43 IST" duration-ms="378" status="PASS">
          <reporter-output>
          </reporter-output>
        </test-method> <!-- getUsers -->
      </class> <!-- org.rest.ass.Beginning -->
    </test> <!-- Default test -->
  </suite> <!-- Default suite -->
</testng-results>
