<?xml version="1.0" encoding="UTF-8"?>
<testng-results ignored="0" total="2" passed="2" failed="0" skipped="0">
  <reporter-output>
  </reporter-output>
  <suite started-at="2024-03-25T21:28:07 IST" name="Default suite" finished-at="2024-03-25T21:28:20 IST" duration-ms="12953">
    <groups>
    </groups>
    <test started-at="2024-03-25T21:28:07 IST" name="Default test" finished-at="2024-03-25T21:28:20 IST" duration-ms="12953">
      <class name="org.rest.ass.CreatePOSTMethod">
        <test-method signature="testPostUsingExternalJSON()[pri:1, instance:org.rest.ass.CreatePOSTMethod@fa49800]" started-at="2024-03-25T21:28:08 IST" name="testPostUsingExternalJSON" finished-at="2024-03-25T21:28:20 IST" duration-ms="12311" status="PASS">
          <reporter-output>
          </reporter-output>
        </test-method> <!-- testPostUsingExternalJSON -->
        <test-method signature="deleteRecord()[pri:2, instance:org.rest.ass.CreatePOSTMethod@fa49800]" started-at="2024-03-25T21:28:20 IST" name="deleteRecord" finished-at="2024-03-25T21:28:20 IST" duration-ms="497" status="PASS">
          <reporter-output>
          </reporter-output>
        </test-method> <!-- deleteRecord -->
      </class> <!-- org.rest.ass.CreatePOSTMethod -->
    </test> <!-- Default test -->
  </suite> <!-- Default suite -->
</testng-results>
